2014/07/13 18:02:32 [error] [exception.CDbException] exception 'CDbException' with message 'CDbConnection failed to open the DB connection: SQLSTATE[28000] [1045] Access denied for user 'root'@'localhost' (using password: YES)' in /var/www/Proyecto-PHP/framework/db/CDbConnection.php:382
Stack trace:
#0 /var/www/Proyecto-PHP/framework/db/CDbConnection.php(330): CDbConnection->open()
#1 /var/www/Proyecto-PHP/framework/db/CDbConnection.php(308): CDbConnection->setActive(true)
#2 /var/www/Proyecto-PHP/framework/base/CModule.php(387): CDbConnection->init()
#3 /var/www/Proyecto-PHP/framework/web/auth/CDbAuthManager.php(589): CModule->getComponent('db')
#4 /var/www/Proyecto-PHP/framework/web/auth/CDbAuthManager.php(59): CDbAuthManager->getDbConnection()
#5 /var/www/Proyecto-PHP/framework/base/CModule.php(387): CDbAuthManager->init()
#6 /var/www/Proyecto-PHP/framework/base/CModule.php(103): CModule->getComponent('authManager')
#7 /var/www/Proyecto-PHP/Aplicacion/protected/views/inmueble/index.php(11): CModule->__get('authManager')
#8 /var/www/Proyecto-PHP/framework/web/CBaseController.php(126): require('/var/www/Proyec...')
#9 /var/www/Proyecto-PHP/framework/web/CBaseController.php(95): CBaseController->renderInternal('/var/www/Proyec...', Array, true)
#10 /var/www/Proyecto-PHP/framework/web/CController.php(869): CBaseController->renderFile('/var/www/Proyec...', Array, true)
#11 /var/www/Proyecto-PHP/framework/web/CController.php(782): CController->renderPartial('index', Array, true)
#12 /var/www/Proyecto-PHP/Aplicacion/protected/controllers/InmuebleController.php(175): CController->render('index', Array)
#13 /var/www/Proyecto-PHP/framework/web/actions/CInlineAction.php(49): InmuebleController->actionIndex()
#14 /var/www/Proyecto-PHP/framework/web/CController.php(308): CInlineAction->runWithParams(Array)
#15 /var/www/Proyecto-PHP/framework/web/filters/CFilterChain.php(133): CController->runAction(Object(CInlineAction))
#16 /var/www/Proyecto-PHP/framework/web/filters/CFilter.php(40): CFilterChain->run()
#17 /var/www/Proyecto-PHP/framework/web/CController.php(1145): CFilter->filter(Object(CFilterChain))
#18 /var/www/Proyecto-PHP/framework/web/filters/CInlineFilter.php(58): CController->filterAccessControl(Object(CFilterChain))
#19 /var/www/Proyecto-PHP/framework/web/filters/CFilterChain.php(130): CInlineFilter->filter(Object(CFilterChain))
#20 /var/www/Proyecto-PHP/framework/web/CController.php(291): CFilterChain->run()
#21 /var/www/Proyecto-PHP/framework/web/CController.php(265): CController->runActionWithFilters(Object(CInlineAction), Array)
#22 /var/www/Proyecto-PHP/framework/web/CWebApplication.php(282): CController->run('')
#23 /var/www/Proyecto-PHP/framework/web/CWebApplication.php(141): CWebApplication->runController('inmueble')
#24 /var/www/Proyecto-PHP/framework/base/CApplication.php(180): CWebApplication->processRequest()
#25 /var/www/Proyecto-PHP/Aplicacion/index.php(13): CApplication->run()
#26 {main}
REQUEST_URI=/Proyecto-PHP/Aplicacion/index.php/inmueble
---
2014/07/13 18:02:57 [error] [exception.CDbException] exception 'CDbException' with message 'CDbConnection failed to open the DB connection: SQLSTATE[42000] [1049] Unknown database 'nueva'' in /var/www/Proyecto-PHP/framework/db/CDbConnection.php:382
Stack trace:
#0 /var/www/Proyecto-PHP/framework/db/CDbConnection.php(330): CDbConnection->open()
#1 /var/www/Proyecto-PHP/framework/db/CDbConnection.php(308): CDbConnection->setActive(true)
#2 /var/www/Proyecto-PHP/framework/base/CModule.php(387): CDbConnection->init()
#3 /var/www/Proyecto-PHP/framework/web/auth/CDbAuthManager.php(589): CModule->getComponent('db')
#4 /var/www/Proyecto-PHP/framework/web/auth/CDbAuthManager.php(59): CDbAuthManager->getDbConnection()
#5 /var/www/Proyecto-PHP/framework/base/CModule.php(387): CDbAuthManager->init()
#6 /var/www/Proyecto-PHP/framework/base/CModule.php(103): CModule->getComponent('authManager')
#7 /var/www/Proyecto-PHP/Aplicacion/protected/views/inmueble/index.php(11): CModule->__get('authManager')
#8 /var/www/Proyecto-PHP/framework/web/CBaseController.php(126): require('/var/www/Proyec...')
#9 /var/www/Proyecto-PHP/framework/web/CBaseController.php(95): CBaseController->renderInternal('/var/www/Proyec...', Array, true)
#10 /var/www/Proyecto-PHP/framework/web/CController.php(869): CBaseController->renderFile('/var/www/Proyec...', Array, true)
#11 /var/www/Proyecto-PHP/framework/web/CController.php(782): CController->renderPartial('index', Array, true)
#12 /var/www/Proyecto-PHP/Aplicacion/protected/controllers/InmuebleController.php(175): CController->render('index', Array)
#13 /var/www/Proyecto-PHP/framework/web/actions/CInlineAction.php(49): InmuebleController->actionIndex()
#14 /var/www/Proyecto-PHP/framework/web/CController.php(308): CInlineAction->runWithParams(Array)
#15 /var/www/Proyecto-PHP/framework/web/filters/CFilterChain.php(133): CController->runAction(Object(CInlineAction))
#16 /var/www/Proyecto-PHP/framework/web/filters/CFilter.php(40): CFilterChain->run()
#17 /var/www/Proyecto-PHP/framework/web/CController.php(1145): CFilter->filter(Object(CFilterChain))
#18 /var/www/Proyecto-PHP/framework/web/filters/CInlineFilter.php(58): CController->filterAccessControl(Object(CFilterChain))
#19 /var/www/Proyecto-PHP/framework/web/filters/CFilterChain.php(130): CInlineFilter->filter(Object(CFilterChain))
#20 /var/www/Proyecto-PHP/framework/web/CController.php(291): CFilterChain->run()
#21 /var/www/Proyecto-PHP/framework/web/CController.php(265): CController->runActionWithFilters(Object(CInlineAction), Array)
#22 /var/www/Proyecto-PHP/framework/web/CWebApplication.php(282): CController->run('')
#23 /var/www/Proyecto-PHP/framework/web/CWebApplication.php(141): CWebApplication->runController('inmueble')
#24 /var/www/Proyecto-PHP/framework/base/CApplication.php(180): CWebApplication->processRequest()
#25 /var/www/Proyecto-PHP/Aplicacion/index.php(13): CApplication->run()
#26 {main}
REQUEST_URI=/Proyecto-PHP/Aplicacion/index.php/inmueble
---
2014/07/13 20:08:32 [warning] [application] Failed to set unsafe attribute "operacion" of "Inmueble".
in /var/www/Proyecto-PHP/Aplicacion/protected/controllers/InmuebleController.php (80)
in /var/www/Proyecto-PHP/Aplicacion/index.php (13)
2014/07/13 20:08:32 [warning] [application] Failed to set unsafe attribute "tipoInmueble" of "Inmueble".
in /var/www/Proyecto-PHP/Aplicacion/protected/controllers/InmuebleController.php (80)
in /var/www/Proyecto-PHP/Aplicacion/index.php (13)
2014/07/13 21:05:29 [warning] [application] Failed to set unsafe attribute "operacion" of "Inmueble".
in /var/www/Proyecto-PHP/Aplicacion/protected/controllers/InmuebleController.php (80)
in /var/www/Proyecto-PHP/Aplicacion/index.php (13)
2014/07/13 21:05:29 [warning] [application] Failed to set unsafe attribute "tipoInmueble" of "Inmueble".
in /var/www/Proyecto-PHP/Aplicacion/protected/controllers/InmuebleController.php (80)
in /var/www/Proyecto-PHP/Aplicacion/index.php (13)
2014/07/13 21:13:37 [warning] [application] Failed to set unsafe attribute "operacion" of "Inmueble".
in /var/www/Proyecto-PHP/Aplicacion/protected/controllers/InmuebleController.php (80)
in /var/www/Proyecto-PHP/Aplicacion/index.php (13)
2014/07/13 21:13:37 [warning] [application] Failed to set unsafe attribute "tipoInmueble" of "Inmueble".
in /var/www/Proyecto-PHP/Aplicacion/protected/controllers/InmuebleController.php (80)
in /var/www/Proyecto-PHP/Aplicacion/index.php (13)
2014/07/13 21:13:37 [error] [php] Object of class CUploadedFile could not be converted to int (/var/www/Proyecto-PHP/framework/db/schema/CDbColumnSchema.php:147)
Stack trace:
#0 /var/www/Proyecto-PHP/framework/db/ar/CActiveRecord.php(806): Inmueble->insert()
#1 /var/www/Proyecto-PHP/Aplicacion/protected/controllers/InmuebleController.php(99): Inmueble->save()
#2 /var/www/Proyecto-PHP/framework/web/actions/CInlineAction.php(49): InmuebleController->actionCreate()
#3 /var/www/Proyecto-PHP/framework/web/CController.php(308): CInlineAction->runWithParams()
#4 /var/www/Proyecto-PHP/framework/web/filters/CFilterChain.php(133): InmuebleController->runAction()
#5 /var/www/Proyecto-PHP/framework/web/filters/CFilter.php(40): CFilterChain->run()
#6 /var/www/Proyecto-PHP/framework/web/CController.php(1145): CAccessControlFilter->filter()
#7 /var/www/Proyecto-PHP/framework/web/filters/CInlineFilter.php(58): InmuebleController->filterAccessControl()
#8 /var/www/Proyecto-PHP/framework/web/filters/CFilterChain.php(130): CInlineFilter->filter()
#9 /var/www/Proyecto-PHP/framework/web/CController.php(291): CFilterChain->run()
#10 /var/www/Proyecto-PHP/framework/web/CController.php(265): InmuebleController->runActionWithFilters()
#11 /var/www/Proyecto-PHP/framework/web/CWebApplication.php(282): InmuebleController->run()
#12 /var/www/Proyecto-PHP/framework/web/CWebApplication.php(141): CWebApplication->runController()
#13 /var/www/Proyecto-PHP/framework/base/CApplication.php(180): CWebApplication->processRequest()
#14 /var/www/Proyecto-PHP/Aplicacion/index.php(13): CWebApplication->run()
REQUEST_URI=/Proyecto-PHP/Aplicacion/index.php/inmueble/create
in /var/www/Proyecto-PHP/Aplicacion/protected/controllers/InmuebleController.php (99)
in /var/www/Proyecto-PHP/Aplicacion/index.php (13)
2014/07/13 21:25:48 [warning] [application] Failed to set unsafe attribute "operacion" of "Inmueble".
in /var/www/Proyecto-PHP/Aplicacion/protected/controllers/InmuebleController.php (80)
in /var/www/Proyecto-PHP/Aplicacion/index.php (13)
2014/07/13 21:25:48 [warning] [application] Failed to set unsafe attribute "tipoInmueble" of "Inmueble".
in /var/www/Proyecto-PHP/Aplicacion/protected/controllers/InmuebleController.php (80)
in /var/www/Proyecto-PHP/Aplicacion/index.php (13)
2014/07/13 21:46:11 [warning] [application] Failed to set unsafe attribute "operacion" of "Inmueble".
in /var/www/Proyecto-PHP/Aplicacion/protected/controllers/InmuebleController.php (80)
in /var/www/Proyecto-PHP/Aplicacion/index.php (13)
2014/07/13 21:46:11 [warning] [application] Failed to set unsafe attribute "tipoInmueble" of "Inmueble".
in /var/www/Proyecto-PHP/Aplicacion/protected/controllers/InmuebleController.php (80)
in /var/www/Proyecto-PHP/Aplicacion/index.php (13)
2014/07/13 22:40:04 [error] [php] Trying to get property of non-object (/var/www/Proyecto-PHP/Aplicacion/protected/views/site/_thumb.php:3)
Stack trace:
#0 /var/www/Proyecto-PHP/framework/web/CController.php(869): SiteController->renderFile()
#1 /var/www/Proyecto-PHP/Aplicacion/protected/extensions/yiibooster/widgets/TbThumbnails.php(41): SiteController->renderPartial()
#2 /var/www/Proyecto-PHP/framework/zii/widgets/CBaseListView.php(167): TbThumbnails->renderItems()
#3 unknown(0): TbThumbnails->renderSection()
#4 /var/www/Proyecto-PHP/framework/zii/widgets/CBaseListView.php(150): preg_replace_callback()
#5 /var/www/Proyecto-PHP/framework/zii/widgets/CBaseListView.php(135): TbThumbnails->renderContent()
#6 /var/www/Proyecto-PHP/framework/web/CBaseController.php(173): TbThumbnails->run()
#7 /var/www/Proyecto-PHP/Aplicacion/protected/views/site/index.php(19): SiteController->widget()
#8 /var/www/Proyecto-PHP/framework/web/CBaseController.php(126): require()
#9 /var/www/Proyecto-PHP/framework/web/CBaseController.php(95): SiteController->renderInternal()
#10 /var/www/Proyecto-PHP/framework/web/CController.php(869): SiteController->renderFile()
#11 /var/www/Proyecto-PHP/framework/web/CController.php(782): SiteController->renderPartial()
#12 /var/www/Proyecto-PHP/Aplicacion/protected/controllers/SiteController.php(43): SiteController->render()
#13 /var/www/Proyecto-PHP/framework/web/actions/CInlineAction.php(49): SiteController->actionIndex()
#14 /var/www/Proyecto-PHP/framework/web/CController.php(308): CInlineAction->runWithParams()
#15 /var/www/Proyecto-PHP/framework/web/CController.php(286): SiteController->runAction()
#16 /var/www/Proyecto-PHP/framework/web/CController.php(265): SiteController->runActionWithFilters()
#17 /var/www/Proyecto-PHP/framework/web/CWebApplication.php(282): SiteController->run()
#18 /var/www/Proyecto-PHP/framework/web/CWebApplication.php(141): CWebApplication->runController()
#19 /var/www/Proyecto-PHP/framework/base/CApplication.php(180): CWebApplication->processRequest()
#20 /var/www/Proyecto-PHP/Aplicacion/index.php(13): CWebApplication->run()
REQUEST_URI=/Proyecto-PHP/Aplicacion/index.php/site/index
in /var/www/Proyecto-PHP/Aplicacion/protected/views/site/_thumb.php (3)
in /var/www/Proyecto-PHP/Aplicacion/protected/extensions/yiibooster/widgets/TbThumbnails.php (41)
in /var/www/Proyecto-PHP/Aplicacion/protected/views/site/index.php (19)
2014/07/13 23:02:14 [error] [php] Trying to get property of non-object (/var/www/Proyecto-PHP/Aplicacion/protected/views/site/_thumb.php:3)
Stack trace:
#0 /var/www/Proyecto-PHP/framework/web/CController.php(869): SiteController->renderFile()
#1 /var/www/Proyecto-PHP/Aplicacion/protected/extensions/yiibooster/widgets/TbThumbnails.php(41): SiteController->renderPartial()
#2 /var/www/Proyecto-PHP/framework/zii/widgets/CBaseListView.php(167): TbThumbnails->renderItems()
#3 unknown(0): TbThumbnails->renderSection()
#4 /var/www/Proyecto-PHP/framework/zii/widgets/CBaseListView.php(150): preg_replace_callback()
#5 /var/www/Proyecto-PHP/framework/zii/widgets/CBaseListView.php(135): TbThumbnails->renderContent()
#6 /var/www/Proyecto-PHP/framework/web/CBaseController.php(173): TbThumbnails->run()
#7 /var/www/Proyecto-PHP/Aplicacion/protected/views/site/index.php(19): SiteController->widget()
#8 /var/www/Proyecto-PHP/framework/web/CBaseController.php(126): require()
#9 /var/www/Proyecto-PHP/framework/web/CBaseController.php(95): SiteController->renderInternal()
#10 /var/www/Proyecto-PHP/framework/web/CController.php(869): SiteController->renderFile()
#11 /var/www/Proyecto-PHP/framework/web/CController.php(782): SiteController->renderPartial()
#12 /var/www/Proyecto-PHP/Aplicacion/protected/controllers/SiteController.php(43): SiteController->render()
#13 /var/www/Proyecto-PHP/framework/web/actions/CInlineAction.php(49): SiteController->actionIndex()
#14 /var/www/Proyecto-PHP/framework/web/CController.php(308): CInlineAction->runWithParams()
#15 /var/www/Proyecto-PHP/framework/web/CController.php(286): SiteController->runAction()
#16 /var/www/Proyecto-PHP/framework/web/CController.php(265): SiteController->runActionWithFilters()
#17 /var/www/Proyecto-PHP/framework/web/CWebApplication.php(282): SiteController->run()
#18 /var/www/Proyecto-PHP/framework/web/CWebApplication.php(141): CWebApplication->runController()
#19 /var/www/Proyecto-PHP/framework/base/CApplication.php(180): CWebApplication->processRequest()
#20 /var/www/Proyecto-PHP/Aplicacion/index.php(13): CWebApplication->run()
REQUEST_URI=/Proyecto-PHP/Aplicacion/index.php
in /var/www/Proyecto-PHP/Aplicacion/protected/views/site/_thumb.php (3)
in /var/www/Proyecto-PHP/Aplicacion/protected/extensions/yiibooster/widgets/TbThumbnails.php (41)
in /var/www/Proyecto-PHP/Aplicacion/protected/views/site/index.php (19)
2014/07/13 23:03:49 [error] [php] Undefined variable: Imagen_Id (/var/www/Proyecto-PHP/Aplicacion/protected/views/site/_thumb.php:3)
Stack trace:
#0 /var/www/Proyecto-PHP/framework/web/CController.php(869): SiteController->renderFile()
#1 /var/www/Proyecto-PHP/Aplicacion/protected/extensions/yiibooster/widgets/TbThumbnails.php(41): SiteController->renderPartial()
#2 /var/www/Proyecto-PHP/framework/zii/widgets/CBaseListView.php(167): TbThumbnails->renderItems()
#3 unknown(0): TbThumbnails->renderSection()
#4 /var/www/Proyecto-PHP/framework/zii/widgets/CBaseListView.php(150): preg_replace_callback()
#5 /var/www/Proyecto-PHP/framework/zii/widgets/CBaseListView.php(135): TbThumbnails->renderContent()
#6 /var/www/Proyecto-PHP/framework/web/CBaseController.php(173): TbThumbnails->run()
#7 /var/www/Proyecto-PHP/Aplicacion/protected/views/site/index.php(19): SiteController->widget()
#8 /var/www/Proyecto-PHP/framework/web/CBaseController.php(126): require()
#9 /var/www/Proyecto-PHP/framework/web/CBaseController.php(95): SiteController->renderInternal()
#10 /var/www/Proyecto-PHP/framework/web/CController.php(869): SiteController->renderFile()
#11 /var/www/Proyecto-PHP/framework/web/CController.php(782): SiteController->renderPartial()
#12 /var/www/Proyecto-PHP/Aplicacion/protected/controllers/SiteController.php(43): SiteController->render()
#13 /var/www/Proyecto-PHP/framework/web/actions/CInlineAction.php(49): SiteController->actionIndex()
#14 /var/www/Proyecto-PHP/framework/web/CController.php(308): CInlineAction->runWithParams()
#15 /var/www/Proyecto-PHP/framework/web/CController.php(286): SiteController->runAction()
#16 /var/www/Proyecto-PHP/framework/web/CController.php(265): SiteController->runActionWithFilters()
#17 /var/www/Proyecto-PHP/framework/web/CWebApplication.php(282): SiteController->run()
#18 /var/www/Proyecto-PHP/framework/web/CWebApplication.php(141): CWebApplication->runController()
#19 /var/www/Proyecto-PHP/framework/base/CApplication.php(180): CWebApplication->processRequest()
#20 /var/www/Proyecto-PHP/Aplicacion/index.php(13): CWebApplication->run()
REQUEST_URI=/Proyecto-PHP/Aplicacion/index.php
in /var/www/Proyecto-PHP/Aplicacion/protected/views/site/_thumb.php (3)
in /var/www/Proyecto-PHP/Aplicacion/protected/extensions/yiibooster/widgets/TbThumbnails.php (41)
in /var/www/Proyecto-PHP/Aplicacion/protected/views/site/index.php (19)
2014/07/13 23:14:55 [error] [php] Undefined variable: imagenes (/var/www/Proyecto-PHP/Aplicacion/protected/views/site/_thumb.php:3)
Stack trace:
#0 /var/www/Proyecto-PHP/framework/web/CController.php(869): SiteController->renderFile()
#1 /var/www/Proyecto-PHP/Aplicacion/protected/extensions/yiibooster/widgets/TbThumbnails.php(41): SiteController->renderPartial()
#2 /var/www/Proyecto-PHP/framework/zii/widgets/CBaseListView.php(167): TbThumbnails->renderItems()
#3 unknown(0): TbThumbnails->renderSection()
#4 /var/www/Proyecto-PHP/framework/zii/widgets/CBaseListView.php(150): preg_replace_callback()
#5 /var/www/Proyecto-PHP/framework/zii/widgets/CBaseListView.php(135): TbThumbnails->renderContent()
#6 /var/www/Proyecto-PHP/framework/web/CBaseController.php(173): TbThumbnails->run()
#7 /var/www/Proyecto-PHP/Aplicacion/protected/views/site/index.php(19): SiteController->widget()
#8 /var/www/Proyecto-PHP/framework/web/CBaseController.php(126): require()
#9 /var/www/Proyecto-PHP/framework/web/CBaseController.php(95): SiteController->renderInternal()
#10 /var/www/Proyecto-PHP/framework/web/CController.php(869): SiteController->renderFile()
#11 /var/www/Proyecto-PHP/framework/web/CController.php(782): SiteController->renderPartial()
#12 /var/www/Proyecto-PHP/Aplicacion/protected/controllers/SiteController.php(43): SiteController->render()
#13 /var/www/Proyecto-PHP/framework/web/actions/CInlineAction.php(49): SiteController->actionIndex()
#14 /var/www/Proyecto-PHP/framework/web/CController.php(308): CInlineAction->runWithParams()
#15 /var/www/Proyecto-PHP/framework/web/CController.php(286): SiteController->runAction()
#16 /var/www/Proyecto-PHP/framework/web/CController.php(265): SiteController->runActionWithFilters()
#17 /var/www/Proyecto-PHP/framework/web/CWebApplication.php(282): SiteController->run()
#18 /var/www/Proyecto-PHP/framework/web/CWebApplication.php(141): CWebApplication->runController()
#19 /var/www/Proyecto-PHP/framework/base/CApplication.php(180): CWebApplication->processRequest()
#20 /var/www/Proyecto-PHP/Aplicacion/index.php(13): CWebApplication->run()
REQUEST_URI=/Proyecto-PHP/Aplicacion/index.php
in /var/www/Proyecto-PHP/Aplicacion/protected/views/site/_thumb.php (3)
in /var/www/Proyecto-PHP/Aplicacion/protected/extensions/yiibooster/widgets/TbThumbnails.php (41)
in /var/www/Proyecto-PHP/Aplicacion/protected/views/site/index.php (19)
2014/07/13 23:15:33 [error] [php] Undefined variable: imagenes (/var/www/Proyecto-PHP/Aplicacion/protected/views/site/index.php:16)
Stack trace:
#0 /var/www/Proyecto-PHP/framework/web/CController.php(869): SiteController->renderFile()
#1 /var/www/Proyecto-PHP/framework/web/CController.php(782): SiteController->renderPartial()
#2 /var/www/Proyecto-PHP/Aplicacion/protected/controllers/SiteController.php(43): SiteController->render()
#3 /var/www/Proyecto-PHP/framework/web/actions/CInlineAction.php(49): SiteController->actionIndex()
#4 /var/www/Proyecto-PHP/framework/web/CController.php(308): CInlineAction->runWithParams()
#5 /var/www/Proyecto-PHP/framework/web/CController.php(286): SiteController->runAction()
#6 /var/www/Proyecto-PHP/framework/web/CController.php(265): SiteController->runActionWithFilters()
#7 /var/www/Proyecto-PHP/framework/web/CWebApplication.php(282): SiteController->run()
#8 /var/www/Proyecto-PHP/framework/web/CWebApplication.php(141): CWebApplication->runController()
#9 /var/www/Proyecto-PHP/framework/base/CApplication.php(180): CWebApplication->processRequest()
#10 /var/www/Proyecto-PHP/Aplicacion/index.php(13): CWebApplication->run()
REQUEST_URI=/Proyecto-PHP/Aplicacion/index.php
in /var/www/Proyecto-PHP/Aplicacion/protected/views/site/index.php (16)
in /var/www/Proyecto-PHP/Aplicacion/protected/controllers/SiteController.php (43)
in /var/www/Proyecto-PHP/Aplicacion/index.php (13)
2014/07/13 23:32:57 [error] [php] Trying to get property of non-object (/var/www/Proyecto-PHP/Aplicacion/protected/views/site/_thumb.php:3)
Stack trace:
#0 /var/www/Proyecto-PHP/framework/web/CController.php(869): SiteController->renderFile()
#1 /var/www/Proyecto-PHP/Aplicacion/protected/extensions/yiibooster/widgets/TbThumbnails.php(41): SiteController->renderPartial()
#2 /var/www/Proyecto-PHP/framework/zii/widgets/CBaseListView.php(167): TbThumbnails->renderItems()
#3 unknown(0): TbThumbnails->renderSection()
#4 /var/www/Proyecto-PHP/framework/zii/widgets/CBaseListView.php(150): preg_replace_callback()
#5 /var/www/Proyecto-PHP/framework/zii/widgets/CBaseListView.php(135): TbThumbnails->renderContent()
#6 /var/www/Proyecto-PHP/framework/web/CBaseController.php(173): TbThumbnails->run()
#7 /var/www/Proyecto-PHP/Aplicacion/protected/views/site/index.php(19): SiteController->widget()
#8 /var/www/Proyecto-PHP/framework/web/CBaseController.php(126): require()
#9 /var/www/Proyecto-PHP/framework/web/CBaseController.php(95): SiteController->renderInternal()
#10 /var/www/Proyecto-PHP/framework/web/CController.php(869): SiteController->renderFile()
#11 /var/www/Proyecto-PHP/framework/web/CController.php(782): SiteController->renderPartial()
#12 /var/www/Proyecto-PHP/Aplicacion/protected/controllers/SiteController.php(43): SiteController->render()
#13 /var/www/Proyecto-PHP/framework/web/actions/CInlineAction.php(49): SiteController->actionIndex()
#14 /var/www/Proyecto-PHP/framework/web/CController.php(308): CInlineAction->runWithParams()
#15 /var/www/Proyecto-PHP/framework/web/CController.php(286): SiteController->runAction()
#16 /var/www/Proyecto-PHP/framework/web/CController.php(265): SiteController->runActionWithFilters()
#17 /var/www/Proyecto-PHP/framework/web/CWebApplication.php(282): SiteController->run()
#18 /var/www/Proyecto-PHP/framework/web/CWebApplication.php(141): CWebApplication->runController()
#19 /var/www/Proyecto-PHP/framework/base/CApplication.php(180): CWebApplication->processRequest()
#20 /var/www/Proyecto-PHP/Aplicacion/index.php(13): CWebApplication->run()
REQUEST_URI=/Proyecto-PHP/Aplicacion/index.php
in /var/www/Proyecto-PHP/Aplicacion/protected/views/site/_thumb.php (3)
in /var/www/Proyecto-PHP/Aplicacion/protected/extensions/yiibooster/widgets/TbThumbnails.php (41)
in /var/www/Proyecto-PHP/Aplicacion/protected/views/site/index.php (19)
2014/07/14 16:46:18 [error] [php] Trying to get property of non-object (/var/www/Proyecto-PHP/Aplicacion/protected/views/site/_thumb.php:3)
Stack trace:
#0 /var/www/Proyecto-PHP/framework/web/CController.php(869): SiteController->renderFile()
#1 /var/www/Proyecto-PHP/Aplicacion/protected/extensions/yiibooster/widgets/TbThumbnails.php(41): SiteController->renderPartial()
#2 /var/www/Proyecto-PHP/framework/zii/widgets/CBaseListView.php(167): TbThumbnails->renderItems()
#3 unknown(0): TbThumbnails->renderSection()
#4 /var/www/Proyecto-PHP/framework/zii/widgets/CBaseListView.php(150): preg_replace_callback()
#5 /var/www/Proyecto-PHP/framework/zii/widgets/CBaseListView.php(135): TbThumbnails->renderContent()
#6 /var/www/Proyecto-PHP/framework/web/CBaseController.php(173): TbThumbnails->run()
#7 /var/www/Proyecto-PHP/Aplicacion/protected/views/site/index.php(19): SiteController->widget()
#8 /var/www/Proyecto-PHP/framework/web/CBaseController.php(126): require()
#9 /var/www/Proyecto-PHP/framework/web/CBaseController.php(95): SiteController->renderInternal()
#10 /var/www/Proyecto-PHP/framework/web/CController.php(869): SiteController->renderFile()
#11 /var/www/Proyecto-PHP/framework/web/CController.php(782): SiteController->renderPartial()
#12 /var/www/Proyecto-PHP/Aplicacion/protected/controllers/SiteController.php(43): SiteController->render()
#13 /var/www/Proyecto-PHP/framework/web/actions/CInlineAction.php(49): SiteController->actionIndex()
#14 /var/www/Proyecto-PHP/framework/web/CController.php(308): CInlineAction->runWithParams()
#15 /var/www/Proyecto-PHP/framework/web/CController.php(286): SiteController->runAction()
#16 /var/www/Proyecto-PHP/framework/web/CController.php(265): SiteController->runActionWithFilters()
#17 /var/www/Proyecto-PHP/framework/web/CWebApplication.php(282): SiteController->run()
#18 /var/www/Proyecto-PHP/framework/web/CWebApplication.php(141): CWebApplication->runController()
#19 /var/www/Proyecto-PHP/framework/base/CApplication.php(180): CWebApplication->processRequest()
#20 /var/www/Proyecto-PHP/Aplicacion/index.php(13): CWebApplication->run()
REQUEST_URI=/Proyecto-PHP/Aplicacion/index.php
in /var/www/Proyecto-PHP/Aplicacion/protected/views/site/_thumb.php (3)
in /var/www/Proyecto-PHP/Aplicacion/protected/extensions/yiibooster/widgets/TbThumbnails.php (41)
in /var/www/Proyecto-PHP/Aplicacion/protected/views/site/index.php (19)
